<?xml version="1.0" encoding="UTF-8"?>
<!-- Generated by org.testng.reporters.JUnitReportReporter -->
<testsuite hostname="WA000034" failures="0" tests="1" name="automation_practice.Captcha_Handle" time="8.825" errors="0" timestamp="2024-03-20T12:05:08 IST" skipped="0">
  <testcase classname="automation_practice.Captcha_Handle" name="captchaHandle" time="8.825"/>
  <system-out/>
</testsuite> <!-- automation_practice.Captcha_Handle -->
