<?xml version="1.0" encoding="UTF-8"?>
<!-- Generated by org.testng.reporters.JUnitReportReporter -->
<testsuite hostname="DESKTOP-DKHG570" failures="0" tests="1" name="test1.HowtoSetPathParameters" time="2.093" errors="0" timestamp="2023-02-02T17:46:26 IST" skipped="0">
  <testcase classname="test1.HowtoSetPathParameters" name="getmethod" time="2.093"/>
  <system-out/>
</testsuite> <!-- test1.HowtoSetPathParameters -->
