<?xml version="1.0" encoding="UTF-8"?>
<!-- Generated by org.testng.reporters.JUnitReportReporter -->
<testsuite hostname="DESKTOP-DKHG570" failures="0" tests="1" name="test1.GetMethod" time="2.747" errors="0" timestamp="2023-01-27T11:53:09 IST" skipped="0">
  <testcase classname="test1.GetMethod" name="getmethod" time="2.747"/>
  <system-out/>
</testsuite> <!-- test1.GetMethod -->
