<?xml version="1.0" encoding="UTF-8"?>
<!-- Generated by org.testng.reporters.JUnitReportReporter -->
<testsuite hostname="DESKTOP-DKHG570" failures="0" tests="1" name="neckermannAPI.Get_Destination" time="2.376" errors="0" timestamp="2023-03-21T18:00:11 IST" skipped="0">
  <testcase classname="neckermannAPI.Get_Destination" name="getmethod" time="2.376"/>
  <system-out/>
</testsuite> <!-- neckermannAPI.Get_Destination -->
