<?xml version="1.0" encoding="UTF-8"?>
<!-- Generated by org.testng.reporters.JUnitReportReporter -->
<testsuite hostname="WA000034" failures="0" tests="1" name="automation_practice.ZenHotels" time="14.109" errors="0" timestamp="2024-03-19T15:33:26 IST" skipped="0">
  <testcase classname="automation_practice.ZenHotels" name="captchaHandle" time="14.109"/>
  <system-out/>
</testsuite> <!-- automation_practice.ZenHotels -->
