<?xml version="1.0" encoding="UTF-8"?>
<!-- Generated by org.testng.reporters.JUnitReportReporter -->
<testsuite hostname="WA000034" failures="0" tests="1" name="neckermannAPI_V3.Get_Packages_Listing_Page" time="8.315" errors="0" timestamp="2023-07-01T13:45:09 IST" skipped="0">
  <testcase classname="neckermannAPI_V3.Get_Packages_Listing_Page" name="postmethodforgetpackage" time="8.315"/>
  <system-out/>
</testsuite> <!-- neckermannAPI_V3.Get_Packages_Listing_Page -->
