<?xml version="1.0" encoding="UTF-8"?>
<!-- Generated by org.testng.reporters.JUnitReportReporter -->
<testsuite hostname="DESKTOP-DKHG570" failures="0" tests="1" name="automation_practice.Screenshot_code" time="14.578" errors="0" timestamp="2023-05-12T15:21:26 IST" skipped="0">
  <testcase classname="automation_practice.Screenshot_code" name="maincode" time="14.578"/>
  <system-out/>
</testsuite> <!-- automation_practice.Screenshot_code -->
