<?xml version="1.0" encoding="UTF-8"?>
<!-- Generated by org.testng.reporters.JUnitReportReporter -->
<testsuite hostname="DESKTOP-DKHG570" failures="0" tests="1" name="test1.Deletemethod" time="2.362" errors="0" timestamp="2023-01-24T16:32:01 IST" skipped="0">
  <testcase classname="test1.Deletemethod" name="deletemethod" time="2.362"/>
  <system-out/>
</testsuite> <!-- test1.Deletemethod -->
