<?xml version="1.0" encoding="UTF-8"?>
<!-- Generated by org.testng.reporters.JUnitReportReporter -->
<testsuite hostname="DESKTOP-DKHG570" failures="0" tests="1" name="neckermannAPI.HomePage" time="3.913" errors="0" timestamp="2023-04-14T14:59:50 IST" skipped="0">
  <testcase classname="neckermannAPI.HomePage" name="getmethod" time="3.913"/>
  <system-out/>
</testsuite> <!-- neckermannAPI.HomePage -->
