<?xml version="1.0" encoding="UTF-8"?>
<!-- Generated by org.testng.reporters.JUnitReportReporter -->
<testsuite hostname="DESKTOP-DKHG570" failures="0" tests="1" name="neckermannAPI.Forgot_password" time="3.359" errors="0" timestamp="2023-04-14T14:25:18 IST" skipped="0">
  <testcase classname="neckermannAPI.Forgot_password" name="postmethod1" time="3.359"/>
  <system-out/>
</testsuite> <!-- neckermannAPI.Forgot_password -->
