<?xml version="1.0" encoding="UTF-8"?>
<!-- Generated by org.testng.reporters.JUnitReportReporter -->
<testsuite hostname="WA000034" failures="0" tests="1" name="neckermannAPI_V3.Book_API" time="2.989" errors="0" timestamp="2023-07-28T16:27:25 IST" skipped="0">
  <testcase classname="neckermannAPI_V3.Book_API" name="Capture" time="2.989"/>
  <system-out/>
</testsuite> <!-- neckermannAPI_V3.Book_API -->
