<?xml version="1.0" encoding="UTF-8"?>
<!-- Generated by org.testng.reporters.JUnitReportReporter -->
<testsuite hostname="WA000034" failures="0" tests="1" name="automation_practice.Practice" time="5.437" errors="0" timestamp="2023-06-15T11:02:01 IST" skipped="0">
  <testcase classname="automation_practice.Practice" name="testprogram" time="5.437"/>
  <system-out/>
</testsuite> <!-- automation_practice.Practice -->
