<?xml version="1.0" encoding="UTF-8"?>
<!-- Generated by org.testng.reporters.JUnitReportReporter -->
<testsuite hostname="DESKTOP-DKHG570" failures="0" tests="1" name="neckermannAPI.POSTNewsletterSuscribers" time="3.076" errors="0" timestamp="2023-05-09T14:37:14 IST" skipped="0">
  <testcase classname="neckermannAPI.POSTNewsletterSuscribers" name="postmethod" time="3.076"/>
  <system-out/>
</testsuite> <!-- neckermannAPI.POSTNewsletterSuscribers -->
