<?xml version="1.0" encoding="UTF-8"?>
<!-- Generated by org.testng.reporters.JUnitReportReporter -->
<testsuite hostname="WA000034" failures="0" tests="1" name="automation_practice.Test_Program" time="10.074" errors="0" timestamp="2023-06-12T16:50:38 IST" skipped="0">
  <testcase classname="automation_practice.Test_Program" name="testprogram" time="10.074"/>
  <system-out/>
</testsuite> <!-- automation_practice.Test_Program -->
