<?xml version="1.0" encoding="UTF-8"?>
<!-- Generated by org.testng.reporters.JUnitReportReporter -->
<testsuite hostname="WA000034" failures="0" tests="1" name="automation_practice.Broken_links" time="16.942" errors="0" timestamp="2023-06-19T17:44:37 IST" skipped="0">
  <testcase classname="automation_practice.Broken_links" name="testprogram" time="16.942"/>
  <system-out/>
</testsuite> <!-- automation_practice.Broken_links -->
