<?xml version="1.0" encoding="UTF-8"?>
<!-- Generated by org.testng.reporters.JUnitReportReporter -->
<testsuite hostname="DESKTOP-DKHG570" failures="0" tests="1" name="neckermannAPI.APIGetBlogsandTags" time="6.293" errors="0" timestamp="2023-03-30T11:43:10 IST" skipped="0">
  <testcase classname="neckermannAPI.APIGetBlogsandTags" name="getmethod" time="6.293"/>
  <system-out/>
</testsuite> <!-- neckermannAPI.APIGetBlogsandTags -->
