<?xml version="1.0" encoding="UTF-8"?>
<!-- Generated by org.testng.reporters.JUnitReportReporter -->
<testsuite hostname="DESKTOP-DKHG570" failures="0" tests="1" name="neckermannAPI.GetNewsLetterSuscribers" time="2.108" errors="0" timestamp="2023-05-09T14:34:57 IST" skipped="0">
  <testcase classname="neckermannAPI.GetNewsLetterSuscribers" name="getmethod" time="2.108"/>
  <system-out/>
</testsuite> <!-- neckermannAPI.GetNewsLetterSuscribers -->
