<?xml version="1.0" encoding="UTF-8"?>
<!-- Generated by org.testng.reporters.JUnitReportReporter -->
<testsuite hostname="DESKTOP-DKHG570" failures="0" tests="1" name="RestAssPractice.GetMethod" time="6.421" errors="0" timestamp="2023-02-13T15:58:03 IST" skipped="0">
  <testcase classname="RestAssPractice.GetMethod" name="getmethod" time="6.421"/>
  <system-out/>
</testsuite> <!-- RestAssPractice.GetMethod -->
