<?xml version="1.0" encoding="UTF-8"?>
<!-- Generated by org.testng.reporters.JUnitReportReporter -->
<testsuite hostname="DESKTOP-DKHG570" failures="0" tests="1" name="neckermannAPI.Verify_customer" time="4.089" errors="0" timestamp="2023-05-03T10:44:38 IST" skipped="0">
  <testcase classname="neckermannAPI.Verify_customer" name="getmethod" time="4.089"/>
  <system-out/>
</testsuite> <!-- neckermannAPI.Verify_customer -->
