<?xml version="1.0" encoding="UTF-8"?>
<!-- Generated by org.testng.reporters.JUnitReportReporter -->
<testsuite hostname="WA000034" failures="0" tests="2" name="neckermannAPI_V3.GET_Itineraries_API" time="2.816" errors="0" timestamp="2023-07-01T16:34:09 IST" skipped="1">
  <testcase classname="neckermannAPI_V3.GET_Itineraries_API" name="getitenariesforhotel" time="2.816"/>
  <system-out/>
  <testcase classname="neckermannAPI_V3.GET_Itineraries_API" name="getitenariesforpackage">
    <skipped/>
  </testcase> <!-- getitenariesforpackage -->
  <system-out/>
</testsuite> <!-- neckermannAPI_V3.GET_Itineraries_API -->
