<?xml version="1.0" encoding="UTF-8"?>
<!-- Generated by org.testng.reporters.JUnitReportReporter -->
<testsuite hostname="WA000034" failures="0" tests="1" name="automation_practice.unautorized_functionlity" time="4.453" errors="0" timestamp="2023-06-30T13:36:23 IST" skipped="0">
  <testcase classname="automation_practice.unautorized_functionlity" name="unauthorizedpage_functionality" time="4.453"/>
  <system-out/>
</testsuite> <!-- automation_practice.unautorized_functionlity -->
