<?xml version="1.0" encoding="UTF-8"?>
<!-- Generated by org.testng.reporters.JUnitReportReporter -->
<testsuite hostname="WA000034" failures="0" tests="2" name="neckermannAPI_V3.GET_Bags_API" time="4.875" errors="0" timestamp="2023-07-01T16:12:38 IST" skipped="1">
  <testcase classname="neckermannAPI_V3.GET_Bags_API" name="getitenariesforpackage" time="4.875"/>
  <system-out/>
  <testcase classname="neckermannAPI_V3.GET_Bags_API" name="getitenariesforhotel">
    <skipped/>
  </testcase> <!-- getitenariesforhotel -->
  <system-out/>
</testsuite> <!-- neckermannAPI_V3.GET_Bags_API -->
