<?xml version="1.0" encoding="UTF-8"?>
<!-- Generated by org.testng.reporters.JUnitReportReporter -->
<testsuite hostname="WA000034" failures="0" tests="1" name="automation_practice.Neckermann_Package_Search" time="10.097" errors="0" timestamp="2024-03-19T14:08:51 IST" skipped="0">
  <testcase classname="automation_practice.Neckermann_Package_Search" name="hotelsearch" time="10.097"/>
  <system-out/>
</testsuite> <!-- automation_practice.Neckermann_Package_Search -->
