<?xml version="1.0" encoding="UTF-8"?>
<!-- Generated by org.testng.reporters.JUnitReportReporter -->
<testsuite hostname="DESKTOP-DKHG570" failures="0" tests="1" name="neckermannAPI.Get_specific_blog" time="2.053" errors="0" timestamp="2023-03-14T16:34:10 IST" skipped="0">
  <testcase classname="neckermannAPI.Get_specific_blog" name="getmethod" time="2.053"/>
  <system-out/>
</testsuite> <!-- neckermannAPI.Get_specific_blog -->
