<?xml version="1.0" encoding="UTF-8"?>
<!-- Generated by org.testng.reporters.JUnitReportReporter -->
<testsuite hostname="WA000034" failures="0" tests="1" name="neckermannAPI_V3.GET_Details_of_Hotels" time="2.565" errors="0" timestamp="2023-06-21T11:35:28 IST" skipped="0">
  <testcase classname="neckermannAPI_V3.GET_Details_of_Hotels" name="postmethod" time="2.565"/>
  <system-out/>
</testsuite> <!-- neckermannAPI_V3.GET_Details_of_Hotels -->
