<?xml version="1.0" encoding="UTF-8"?>
<!-- Generated by org.testng.reporters.JUnitReportReporter -->
<testsuite hostname="DESKTOP-DKHG570" failures="0" tests="1" name="test1.Testngdemo1" time="0.010" errors="0" timestamp="2023-01-24T16:19:58 IST" skipped="0">
  <testcase classname="test1.Testngdemo1" name="demo1" time="0.010"/>
  <system-out/>
</testsuite> <!-- test1.Testngdemo1 -->
