<?xml version="1.0" encoding="UTF-8"?>
<!-- Generated by org.testng.reporters.JUnitReportReporter -->
<testsuite hostname="WA000034" failures="0" tests="1" name="neckermannAPI_V3.GET_Transfers_API" time="4.531" errors="0" timestamp="2023-07-06T13:50:53 IST" skipped="0">
  <testcase classname="neckermannAPI_V3.GET_Transfers_API" name="postmethod" time="4.531"/>
  <system-out/>
</testsuite> <!-- neckermannAPI_V3.GET_Transfers_API -->
