<?xml version="1.0" encoding="UTF-8"?>
<!-- Generated by org.testng.reporters.JUnitReportReporter -->
<testsuite hostname="WA000034" failures="0" tests="1" name="neckermannAPI_V3.Get_Hotel_Listing_Page" time="7.203" errors="0" timestamp="2023-07-18T17:06:29 IST" skipped="0">
  <testcase classname="neckermannAPI_V3.Get_Hotel_Listing_Page" name="postmethodforgethotellistingpage" time="7.203"/>
  <system-out/>
</testsuite> <!-- neckermannAPI_V3.Get_Hotel_Listing_Page -->
