<?xml version="1.0" encoding="UTF-8"?>
<!-- Generated by org.testng.reporters.JUnitReportReporter -->
<testsuite hostname="WA000034" failures="0" tests="1" name="neckermannAPI_V3.GET_Transfers_API" time="2.985" errors="0" timestamp="2023-06-26T12:48:07 IST" skipped="0">
  <testcase classname="neckermannAPI_V3.GET_Transfers_API" name="postmethod" time="2.985"/>
  <system-out/>
</testsuite> <!-- neckermannAPI_V3.GET_Transfers_API -->
